This is pdfTeX, Version 3.141592653-2.6-1.40.25 (TeX Live 2023) (preloaded format=pdflatex 2023.10.16)  20 OCT 2023 13:03
entering extended mode
 restricted \write18 enabled.
 %&-line parsing enabled.
**thesis-hu.tex
(./thesis-hu.tex
LaTeX2e <2023-06-01> patch level 1
L3 programming layer <2023-10-10>
)
! Emergency stop.
<*> thesis-hu.tex
                 
*** (job aborted, no legal \end found)

 
Here is how much of TeX's memory you used:
 52 strings out of 474503
 869 string characters out of 5756704
 1920043 words of memory out of 5000000
 22125 multiletter control sequences out of 15000+600000
 558069 words of font info for 36 fonts, out of 8000000 for 9000
 1141 hyphenation exceptions out of 8191
 12i,0n,19p,135b,8s stack positions out of 10000i,1000n,20000p,200000b,200000s
!  ==> Fatal error occurred, no output PDF file produced!
